<?xml version="1.0" encoding="UTF-8"?>
<!-- Generated by org.testng.reporters.JUnitXMLReporter -->
<testsuite ignored="0" hostname="LAPTOP-ORJKLGHP" failures="0" tests="5" name="Default test" time="11.288" errors="0" timestamp="2022-01-21T13:24:12 ICT">
  <testcase classname="test.LoginTest" name="ER01_UsernameCannotBeEmpty" time="3.642"/>
  <testcase classname="test.LoginTest" name="ER02_UsernameCannotBeEmpty2" time="0.197"/>
  <testcase classname="test.LoginTest" name="ER03_PasswordCannotBeEmpty" time="0.238"/>
  <testcase classname="test.LoginTest" name="ER04_PasswordCannotBeEmpty2" time="0.178"/>
  <testcase classname="test.LoginTest" name="SC_LoginSuccessfully" time="0.348"/>
</testsuite> <!-- Default test -->
