<?xml version="1.0" encoding="UTF-8"?>
<testng-results ignored="0" total="5" passed="5" failed="0" skipped="0">
  <reporter-output>
  </reporter-output>
  <suite started-at="2022-01-21T13:24:01 ICT" name="Default suite" finished-at="2022-01-21T13:24:12 ICT" duration-ms="11288">
    <groups>
    </groups>
    <test started-at="2022-01-21T13:24:01 ICT" name="Default test" finished-at="2022-01-21T13:24:12 ICT" duration-ms="11288">
      <class name="test.LoginTest">
        <test-method is-config="true" signature="beforeSuite()[pri:0, instance:test.LoginTest@43a51d00]" started-at="2022-01-21T13:24:01 ICT" name="beforeSuite" finished-at="2022-01-21T13:24:01 ICT" duration-ms="48" status="PASS">
          <reporter-output>
          </reporter-output>
        </test-method> <!-- beforeSuite -->
        <test-method is-config="true" signature="beforeTest()[pri:0, instance:test.LoginTest@43a51d00]" started-at="2022-01-21T13:24:01 ICT" name="beforeTest" finished-at="2022-01-21T13:24:07 ICT" duration-ms="5972" status="PASS">
          <reporter-output>
          </reporter-output>
        </test-method> <!-- beforeTest -->
        <test-method is-config="true" signature="beforeClass()[pri:0, instance:test.LoginTest@43a51d00]" started-at="2022-01-21T13:24:07 ICT" name="beforeClass" finished-at="2022-01-21T13:24:07 ICT" duration-ms="3" status="PASS">
          <reporter-output>
          </reporter-output>
        </test-method> <!-- beforeClass -->
        <test-method is-config="true" signature="beforeMethod()[pri:0, instance:test.LoginTest@43a51d00]" started-at="2022-01-21T13:24:07 ICT" name="beforeMethod" finished-at="2022-01-21T13:24:07 ICT" duration-ms="1" status="PASS">
          <reporter-output>
          </reporter-output>
        </test-method> <!-- beforeMethod -->
        <test-method signature="ER01_UsernameCannotBeEmpty()[pri:0, instance:test.LoginTest@43a51d00]" started-at="2022-01-21T13:24:07 ICT" name="ER01_UsernameCannotBeEmpty" description="ER01_Username cannot be empty" finished-at="2022-01-21T13:24:11 ICT" duration-ms="3642" status="PASS">
          <reporter-output>
          </reporter-output>
        </test-method> <!-- ER01_UsernameCannotBeEmpty -->
        <test-method is-config="true" signature="afterMethod()[pri:0, instance:test.LoginTest@43a51d00]" started-at="2022-01-21T13:24:11 ICT" name="afterMethod" finished-at="2022-01-21T13:24:11 ICT" duration-ms="1" status="PASS">
          <reporter-output>
          </reporter-output>
        </test-method> <!-- afterMethod -->
        <test-method is-config="true" signature="beforeMethod()[pri:0, instance:test.LoginTest@43a51d00]" started-at="2022-01-21T13:24:11 ICT" name="beforeMethod" finished-at="2022-01-21T13:24:11 ICT" duration-ms="2" status="PASS">
          <reporter-output>
          </reporter-output>
        </test-method> <!-- beforeMethod -->
        <test-method signature="ER02_UsernameCannotBeEmpty2()[pri:0, instance:test.LoginTest@43a51d00]" started-at="2022-01-21T13:24:11 ICT" name="ER02_UsernameCannotBeEmpty2" description="ER02_Username cannot be empty 2" finished-at="2022-01-21T13:24:11 ICT" duration-ms="197" status="PASS">
          <reporter-output>
          </reporter-output>
        </test-method> <!-- ER02_UsernameCannotBeEmpty2 -->
        <test-method is-config="true" signature="afterMethod()[pri:0, instance:test.LoginTest@43a51d00]" started-at="2022-01-21T13:24:11 ICT" name="afterMethod" finished-at="2022-01-21T13:24:11 ICT" duration-ms="1" status="PASS">
          <reporter-output>
          </reporter-output>
        </test-method> <!-- afterMethod -->
        <test-method is-config="true" signature="beforeMethod()[pri:0, instance:test.LoginTest@43a51d00]" started-at="2022-01-21T13:24:11 ICT" name="beforeMethod" finished-at="2022-01-21T13:24:11 ICT" duration-ms="1" status="PASS">
          <reporter-output>
          </reporter-output>
        </test-method> <!-- beforeMethod -->
        <test-method signature="ER03_PasswordCannotBeEmpty()[pri:0, instance:test.LoginTest@43a51d00]" started-at="2022-01-21T13:24:11 ICT" name="ER03_PasswordCannotBeEmpty" description="ER03_Password cannot be empty" finished-at="2022-01-21T13:24:12 ICT" duration-ms="238" status="PASS">
          <reporter-output>
          </reporter-output>
        </test-method> <!-- ER03_PasswordCannotBeEmpty -->
        <test-method is-config="true" signature="afterMethod()[pri:0, instance:test.LoginTest@43a51d00]" started-at="2022-01-21T13:24:12 ICT" name="afterMethod" finished-at="2022-01-21T13:24:12 ICT" duration-ms="1" status="PASS">
          <reporter-output>
          </reporter-output>
        </test-method> <!-- afterMethod -->
        <test-method is-config="true" signature="beforeMethod()[pri:0, instance:test.LoginTest@43a51d00]" started-at="2022-01-21T13:24:12 ICT" name="beforeMethod" finished-at="2022-01-21T13:24:12 ICT" duration-ms="2" status="PASS">
          <reporter-output>
          </reporter-output>
        </test-method> <!-- beforeMethod -->
        <test-method signature="ER04_PasswordCannotBeEmpty2()[pri:0, instance:test.LoginTest@43a51d00]" started-at="2022-01-21T13:24:12 ICT" name="ER04_PasswordCannotBeEmpty2" description="ER04_Password cannot be empty2" finished-at="2022-01-21T13:24:12 ICT" duration-ms="178" status="PASS">
          <reporter-output>
          </reporter-output>
        </test-method> <!-- ER04_PasswordCannotBeEmpty2 -->
        <test-method is-config="true" signature="afterMethod()[pri:0, instance:test.LoginTest@43a51d00]" started-at="2022-01-21T13:24:12 ICT" name="afterMethod" finished-at="2022-01-21T13:24:12 ICT" duration-ms="1" status="PASS">
          <reporter-output>
          </reporter-output>
        </test-method> <!-- afterMethod -->
        <test-method is-config="true" signature="beforeMethod()[pri:0, instance:test.LoginTest@43a51d00]" started-at="2022-01-21T13:24:12 ICT" name="beforeMethod" finished-at="2022-01-21T13:24:12 ICT" duration-ms="3" status="PASS">
          <reporter-output>
          </reporter-output>
        </test-method> <!-- beforeMethod -->
        <test-method signature="SC_LoginSuccessfully()[pri:0, instance:test.LoginTest@43a51d00]" started-at="2022-01-21T13:24:12 ICT" name="SC_LoginSuccessfully" description="SC_Login successfully" finished-at="2022-01-21T13:24:12 ICT" duration-ms="348" status="PASS">
          <reporter-output>
          </reporter-output>
        </test-method> <!-- SC_LoginSuccessfully -->
        <test-method is-config="true" signature="afterMethod()[pri:0, instance:test.LoginTest@43a51d00]" started-at="2022-01-21T13:24:12 ICT" name="afterMethod" finished-at="2022-01-21T13:24:12 ICT" duration-ms="2" status="PASS">
          <reporter-output>
          </reporter-output>
        </test-method> <!-- afterMethod -->
        <test-method is-config="true" signature="afterClass()[pri:0, instance:test.LoginTest@43a51d00]" started-at="2022-01-21T13:24:12 ICT" name="afterClass" finished-at="2022-01-21T13:24:12 ICT" duration-ms="2" status="PASS">
          <reporter-output>
          </reporter-output>
        </test-method> <!-- afterClass -->
        <test-method is-config="true" signature="afterTest()[pri:0, instance:test.LoginTest@43a51d00]" started-at="2022-01-21T13:24:12 ICT" name="afterTest" finished-at="2022-01-21T13:24:12 ICT" duration-ms="295" status="PASS">
          <reporter-output>
          </reporter-output>
        </test-method> <!-- afterTest -->
        <test-method is-config="true" signature="afterSuite()[pri:0, instance:test.LoginTest@43a51d00]" started-at="2022-01-21T13:24:12 ICT" name="afterSuite" finished-at="2022-01-21T13:24:12 ICT" duration-ms="1" status="PASS">
          <reporter-output>
          </reporter-output>
        </test-method> <!-- afterSuite -->
      </class> <!-- test.LoginTest -->
    </test> <!-- Default test -->
  </suite> <!-- Default suite -->
</testng-results>
